<?xml version="1.0" encoding="UTF-8"?>
<testng-results skipped="0" failed="0" ignored="0" total="3" passed="3">
  <reporter-output>
  </reporter-output>
  <suite name="Default suite" duration-ms="58094" started-at="2020-05-07T18:46:33 IST" finished-at="2020-05-07T18:47:32 IST">
    <groups>
    </groups>
    <test name="Default test" duration-ms="58094" started-at="2020-05-07T18:46:33 IST" finished-at="2020-05-07T18:47:32 IST">
      <class name="testng.TestNGMorning">
        <test-method status="PASS" signature="lanchBrowser()[pri:0, instance:testng.TestNGMorning@3b084709]" name="lanchBrowser" is-config="true" duration-ms="9277" started-at="2020-05-07T18:46:34 IST" finished-at="2020-05-07T18:46:43 IST">
          <reporter-output>
          </reporter-output>
        </test-method> <!-- lanchBrowser -->
        <test-method status="PASS" signature="verifyGoogleTitlePage()[pri:0, instance:testng.TestNGMorning@3b084709]" name="verifyGoogleTitlePage" duration-ms="5512" started-at="2020-05-07T18:46:43 IST" finished-at="2020-05-07T18:46:48 IST">
          <reporter-output>
          </reporter-output>
        </test-method> <!-- verifyGoogleTitlePage -->
        <test-method status="PASS" signature="closeBrowser()[pri:0, instance:testng.TestNGMorning@3b084709]" name="closeBrowser" is-config="true" duration-ms="2415" started-at="2020-05-07T18:46:48 IST" finished-at="2020-05-07T18:46:51 IST">
          <reporter-output>
          </reporter-output>
        </test-method> <!-- closeBrowser -->
        <test-method status="PASS" signature="lanchBrowser()[pri:0, instance:testng.TestNGMorning@3b084709]" name="lanchBrowser" is-config="true" duration-ms="3655" started-at="2020-05-07T18:46:51 IST" finished-at="2020-05-07T18:46:54 IST">
          <reporter-output>
          </reporter-output>
        </test-method> <!-- lanchBrowser -->
        <test-method status="PASS" signature="verifyicicBankTitlePage()[pri:0, instance:testng.TestNGMorning@3b084709]" name="verifyicicBankTitlePage" duration-ms="9659" started-at="2020-05-07T18:46:54 IST" finished-at="2020-05-07T18:47:04 IST">
          <reporter-output>
          </reporter-output>
        </test-method> <!-- verifyicicBankTitlePage -->
        <test-method status="PASS" signature="closeBrowser()[pri:0, instance:testng.TestNGMorning@3b084709]" name="closeBrowser" is-config="true" duration-ms="2105" started-at="2020-05-07T18:47:04 IST" finished-at="2020-05-07T18:47:06 IST">
          <reporter-output>
          </reporter-output>
        </test-method> <!-- closeBrowser -->
        <test-method status="PASS" signature="lanchBrowser()[pri:0, instance:testng.TestNGMorning@3b084709]" name="lanchBrowser" is-config="true" duration-ms="3715" started-at="2020-05-07T18:47:06 IST" finished-at="2020-05-07T18:47:10 IST">
          <reporter-output>
          </reporter-output>
        </test-method> <!-- lanchBrowser -->
        <test-method status="PASS" signature="verifyyahooTitlePage()[pri:0, instance:testng.TestNGMorning@3b084709]" name="verifyyahooTitlePage" duration-ms="20412" started-at="2020-05-07T18:47:10 IST" finished-at="2020-05-07T18:47:30 IST">
          <reporter-output>
          </reporter-output>
        </test-method> <!-- verifyyahooTitlePage -->
        <test-method status="PASS" signature="closeBrowser()[pri:0, instance:testng.TestNGMorning@3b084709]" name="closeBrowser" is-config="true" duration-ms="1260" started-at="2020-05-07T18:47:30 IST" finished-at="2020-05-07T18:47:32 IST">
          <reporter-output>
          </reporter-output>
        </test-method> <!-- closeBrowser -->
      </class> <!-- testng.TestNGMorning -->
    </test> <!-- Default test -->
  </suite> <!-- Default suite -->
</testng-results>
