<?xml version="1.0" encoding="UTF-8"?>
<!-- Generated by org.testng.reporters.JUnitXMLReporter -->
<testsuite hostname="HP1" ignored="0" name="Default test" tests="3" failures="0" timestamp="2020-05-07T18:47:32 IST" time="58.094" errors="0">
  <testcase name="verifyGoogleTitlePage" time="5.512" classname="testng.TestNGMorning"/>
  <testcase name="verifyicicBankTitlePage" time="9.659" classname="testng.TestNGMorning"/>
  <testcase name="verifyyahooTitlePage" time="20.412" classname="testng.TestNGMorning"/>
</testsuite> <!-- Default test -->
